\BOOKMARK [0][-]{chapter.1}{Introduction}{}% 1
\BOOKMARK [1][-]{section.1.1}{Problem\040definition}{chapter.1}% 2
\BOOKMARK [1][-]{section.1.2}{Organization\040of\040this\040paper}{chapter.1}% 3
\BOOKMARK [0][-]{chapter.2}{Background}{}% 4
\BOOKMARK [1][-]{section.2.1}{Constraint\040Programming}{chapter.2}% 5
\BOOKMARK [2][-]{subsection.2.1.1}{Propagation}{section.2.1}% 6
\BOOKMARK [2][-]{subsection.2.1.2}{Consistency}{section.2.1}% 7
\BOOKMARK [2][-]{subsection.2.1.3}{Global\040constraints}{section.2.1}% 8
\BOOKMARK [1][-]{section.2.2}{Mixed\040Integer\040Programming}{chapter.2}% 9
\BOOKMARK [2][-]{subsection.2.2.1}{Linear\040Programming}{section.2.2}% 10
\BOOKMARK [2][-]{subsection.2.2.2}{Solving\040MIP\040models\040using\040branch-and-bound}{section.2.2}% 11
\BOOKMARK [2][-]{subsection.2.2.3}{Branch-and-cut\040methods}{section.2.2}% 12
\BOOKMARK [2][-]{subsection.2.2.4}{Special\040ordered\040sets}{section.2.2}% 13
\BOOKMARK [2][-]{subsection.2.2.5}{Lazy\040constraints\040in\040MIP}{section.2.2}% 14
\BOOKMARK [1][-]{section.2.3}{Scheduling\040using\040CP\040and\040MIP}{chapter.2}% 15
\BOOKMARK [2][-]{subsection.2.3.1}{Common\040types\040of\040scheduling\040problems}{section.2.3}% 16
\BOOKMARK [2][-]{subsection.2.3.2}{Temporal\040problems\040in\040CP}{section.2.3}% 17
\BOOKMARK [2][-]{subsection.2.3.3}{Temporal\040problems\040in\040MIP}{section.2.3}% 18
\BOOKMARK [1][-]{section.2.4}{Literature}{chapter.2}% 19
\BOOKMARK [0][-]{chapter.3}{State\040of\040the\040Art:\040Recent\040work\040by\040Malapert}{}% 20
\BOOKMARK [1][-]{section.3.1}{The\040sequenceEDD\040global\040constraint}{chapter.3}% 21
\BOOKMARK [1][-]{section.3.2}{Malapert's\040MIP\040formulation}{chapter.3}% 22
\BOOKMARK [0][-]{chapter.4}{Modelling\040the\040problem}{}% 23
\BOOKMARK [1][-]{section.4.1}{MIP\040model}{chapter.4}% 24
\BOOKMARK [1][-]{section.4.2}{Improved\040MIP\040model}{chapter.4}% 25
\BOOKMARK [2][-]{subsection.4.2.1}{Grouping\040empty\040batches}{section.4.2}% 26
\BOOKMARK [2][-]{subsection.4.2.2}{No\040postponing\040of\040jobs\040to\040later\040batches}{section.4.2}% 27
\BOOKMARK [2][-]{subsection.4.2.3}{Lower\040bound\040on\040Lmax}{section.4.2}% 28
\BOOKMARK [1][-]{section.4.3}{CP\040model}{chapter.4}% 29
\BOOKMARK [2][-]{subsection.4.3.1}{Grouping\040empty\040batches}{section.4.3}% 30
\BOOKMARK [2][-]{subsection.4.3.2}{No\040postponing\040of\040jobs\040to\040later\040batches}{section.4.3}% 31
\BOOKMARK [1][-]{section.4.4}{Decomposition\040approach}{chapter.4}% 32
\BOOKMARK [2][-]{subsection.4.4.1}{Using\040CP\040and\040cumulative\040packing\040after\040the\040batch}{section.4.4}% 33
\BOOKMARK [1][-]{section.4.5}{Move-based\040MIP\040model}{chapter.4}% 34
\BOOKMARK [2][-]{subsection.4.5.1}{Symmetry-breaking\040rule}{section.4.5}% 35
\BOOKMARK [2][-]{subsection.4.5.2}{Dominance\040rule\040on\040``safe''\040moves}{section.4.5}% 36
\BOOKMARK [2][-]{subsection.4.5.3}{Dominance\040rule\040on\040required\040safe\040moves}{section.4.5}% 37
\BOOKMARK [1][-]{section.4.6}{Two\040additional\040approaches\040tested\040on\040all\040models}{chapter.4}% 38
\BOOKMARK [2][-]{subsection.4.6.1}{Upper\040bound\040on\040Lmax}{section.4.6}% 39
\BOOKMARK [2][-]{subsection.4.6.2}{Bounding\040the\040number\040of\040batches\040nk}{section.4.6}% 40
\BOOKMARK [0][-]{chapter.5}{Empirical\040comparison\040of\040models}{}% 41
\BOOKMARK [1][-]{section.5.1}{Experimental\040setup}{chapter.5}% 42
\BOOKMARK [1][-]{section.5.2}{Results}{chapter.5}% 43
\BOOKMARK [1][-]{section.5.3}{Discussion}{chapter.5}% 44
\BOOKMARK [2][-]{subsection.5.3.1}{Comparison\040with\040Malapert's\040sequenceEDD\040global\040constraint}{section.5.3}% 45
\BOOKMARK [1][-]{section.5.4}{Further\040performance\040tests}{chapter.5}% 46
\BOOKMARK [2][-]{subsection.5.4.1}{Correlation\040between\040disjunctivity\040and\040solving\040time}{section.5.4}% 47
\BOOKMARK [2][-]{subsection.5.4.2}{Uniform\040distribution\040of\040due\040dates}{section.5.4}% 48
\BOOKMARK [0][-]{chapter.6}{Conclusion}{}% 49
\BOOKMARK [1][-]{section.6.1}{Future\040Work}{chapter.6}% 50
\BOOKMARK [2][-]{subsection.6.1.1}{Application\040to\040related\040problems}{section.6.1}% 51
\BOOKMARK [0][-]{appendix.A}{Appendix:\040Potential\040improvements\040to\040the\040models}{}% 52
\BOOKMARK [1][-]{section.A.1}{CP\040Model}{appendix.A}% 53
\BOOKMARK [2][-]{subsection.A.1.1}{Constraint\040on\040the\040number\040of\040batches\040with\040length\040Pk\040>\040p}{section.A.1}% 54
\BOOKMARK [2][-]{subsection.A.1.2}{Constraint\040on\040the\040number\040of\040batches\040with\040due\040date\040Dk\040>\040d}{section.A.1}% 55
\BOOKMARK [2][-]{subsection.A.1.3}{All-different\040constraints\040on\040Pk\040and\040Dk}{section.A.1}% 56
\BOOKMARK [1][-]{section.A.2}{Decomposition\040approaches}{appendix.A}% 57
\BOOKMARK [2][-]{subsection.A.2.1}{Potential\040heuristics}{section.A.2}% 58
\BOOKMARK [1][-]{section.A.3}{Move-based\040MIP\040model}{appendix.A}% 59
\BOOKMARK [2][-]{subsection.A.3.1}{Conditional\040activation\040of\040lazy\040constraints}{section.A.3}% 60
\BOOKMARK [2][-]{subsection.A.3.2}{Improvement\040of\040``safe''\040move\040definition}{section.A.3}% 61
\BOOKMARK [1][-]{section.A.4}{Move-back\040search}{appendix.A}% 62
\BOOKMARK [0][-]{appendix.B}{Appendix:\040Other\040approaches}{}% 63
\BOOKMARK [0][-]{appendix.C}{Appendix:\040Result\040tables}{}% 64
\BOOKMARK [1][-]{section.C.1}{Hello.\040This\040is\040the\040first\040part\040of\040the\040first\040Appendix}{appendix.C}% 65
\BOOKMARK [0][-]{appendix.D}{Appendix:\040Code\040listings}{}% 66
