This is XeTeX, Version 3.1415926-2.4-0.9998 (TeX Live 2012/Debian) (format=xelatex 2012.8.21)  27 SEP 2012 21:43
entering extended mode
 restricted \write18 enabled.
 %&-line parsing enabled.
**assignment1.tex
(/usr/share/texlive/texmf-dist/tex/latex/tools/x.tex
! Interruption.
<to be read again> 
                   \begingroup 
l.1 
    %%
? ^^[[Ax
Type <return> to proceed, S to scroll future error messages,
R to run without stopping, Q to run quietly,
I to insert something, E to edit your file,
H for help, X to quit.
? x
 
Here is how much of TeX's memory you used:
 8 strings out of 495716
 176 string characters out of 3188883
 45143 words of memory out of 3000000
 3245 multiletter control sequences out of 15000+200000
 3640 words of font info for 14 fonts, out of 3000000 for 9000
 14 hyphenation exceptions out of 8191
 3i,0n,1p,25b,6s stack positions out of 5000i,500n,10000p,200000b,50000s
No pages of output.
